#
# A fatal error has been detected by the Java Runtime Environment:
#
#  EXCEPTION_ACCESS_VIOLATION (0xc0000005) at pc=0x0000000058bc8855, pid=6676, tid=10792
#
# JRE version: Java(TM) SE Runtime Environment (8.0_65-b17) (build 1.8.0_65-b17)
# Java VM: Java HotSpot(TM) 64-Bit Server VM (25.65-b01 mixed mode windows-amd64 compressed oops)
# Problematic frame:
# V  [jvm.dll+0x128855]
#
# Failed to write core dump. Minidumps are not enabled by default on client versions of Windows
#
# If you would like to submit a bug report, please visit:
#   http://bugreport.java.com/bugreport/crash.jsp
#

---------------  T H R E A D  ---------------

Current thread (0x0000000017a5b000):  JavaThread "JDWP Transport Listener: dt_socket" daemon [_thread_in_vm, id=10792, stack(0x0000000019390000,0x0000000019490000)]

siginfo: ExceptionCode=0xc0000005, reading address 0x0000006c006d0078

Registers:
RAX=0x000000001948f701, RBX=0x0000000017a5b000, RCX=0x0000006c006d0078, RDX=0x0000000000000000
RSP=0x000000001948f720, RBP=0x0000006c006d0078, RSI=0x000000001948f838, RDI=0x0000000002ce2ae0
R8 =0x0000000017a5b000, R9 =0x0000000000008000, R10=0x0000000000000000, R11=0x00000000219d3ff1
R12=0x0000000000000000, R13=0x0000000017a58838, R14=0x0000000000000000, R15=0x0000000000000000
RIP=0x0000000058bc8855, EFLAGS=0x0000000000010206

Top of Stack: (sp=0x000000001948f720)
0x000000001948f720:   0000000017a5b000 0000000017a5b000
0x000000001948f730:   000000001948f7e8 0000000058dce19b
0x000000001948f740:   0000000017a5b000 0000000058dea9fd
0x000000001948f750:   0000000000000000 000000005a259155
0x000000001948f760:   000000001e03ab18 000000005a26291e
0x000000001948f770:   0000000017a5b000 0000000000000000
0x000000001948f780:   0000000000000000 0000000000000000
0x000000001948f790:   0000006c006d0078 000000005a261a15
0x000000001948f7a0:   000000001948f838 000000001948f810
0x000000001948f7b0:   0000000000000001 000000001e03ab18
0x000000001948f7c0:   0000006c006d0078 000000005a2453b3
0x000000001948f7d0:   000000001948f900 0000000000000001
0x000000001948f7e0:   0000000000000001 000000001e03ab18
0x000000001948f7f0:   0000000000000008 0000000000000000
0x000000001948f800:   0000000000000000 0000000000000000
0x000000001948f810:   0000000000000001 000000005a245571 

Instructions: (pc=0x0000000058bc8855)
0x0000000058bc8835:   cc cc cc cc cc cc cc cc cc cc cc 48 83 ec 28 48
0x0000000058bc8845:   85 c9 75 07 33 c0 48 83 c4 28 c3 48 89 5c 24 20
0x0000000058bc8855:   48 8b 19 48 85 db 74 20 48 83 fb 37 74 1a 48 8b
0x0000000058bc8865:   13 48 8b cb ff 52 10 84 c0 74 0d 48 8b c3 48 8b 


Register to memory mapping:

RAX=0x000000001948f701 is pointing into the stack for thread: 0x0000000017a5b000
RBX=0x0000000017a5b000 is a thread
RCX=0x0000006c006d0078 is an unknown value
RDX=0x0000000000000000 is an unknown value
RSP=0x000000001948f720 is pointing into the stack for thread: 0x0000000017a5b000
RBP=0x0000006c006d0078 is an unknown value
RSI=0x000000001948f838 is pointing into the stack for thread: 0x0000000017a5b000
RDI=0x0000000002ce2ae0 is an unknown value
R8 =0x0000000017a5b000 is a thread
R9 =0x0000000000008000 is an unknown value
R10=0x0000000000000000 is an unknown value
R11=0x00000000219d3ff1 is an unknown value
R12=0x0000000000000000 is an unknown value
R13=0x0000000017a58838 is an unknown value
R14=0x0000000000000000 is an unknown value
R15=0x0000000000000000 is an unknown value


Stack: [0x0000000019390000,0x0000000019490000],  sp=0x000000001948f720,  free space=1021k
Native frames: (J=compiled Java code, j=interpreted, Vv=VM code, C=native code)
V  [jvm.dll+0x128855]
V  [jvm.dll+0x34a9fd]
C  [jdwp.dll+0x21a15]
C  [jdwp.dll+0x53b3]
C  [jdwp.dll+0x5571]
C  [jdwp.dll+0xf0a8]
C  [jdwp.dll+0x1f2d5]
C  [jdwp.dll+0x1f4aa]
V  [jvm.dll+0x1bb8f8]
V  [jvm.dll+0x243144]
V  [jvm.dll+0x299f7a]
C  [msvcr100.dll+0x21d9f]
C  [msvcr100.dll+0x21e3b]
C  [KERNEL32.DLL+0x8364]
C  [ntdll.dll+0x670d1]


---------------  P R O C E S S  ---------------

Java Threads: ( => current thread )
  0x000000001e087800 JavaThread "Druid-ConnectionPool-Destroy-579322169" daemon [_thread_blocked, id=4812, stack(0x00000000394f0000,0x00000000395f0000)]
  0x000000001e084800 JavaThread "Druid-ConnectionPool-Create-579322169" daemon [_thread_blocked, id=10588, stack(0x00000000393f0000,0x00000000394f0000)]
  0x000000001e083000 JavaThread "container-0" [_thread_blocked, id=4820, stack(0x00000000392f0000,0x00000000393f0000)]
  0x000000001e086000 JavaThread "ContainerBackgroundProcessor[StandardEngine[Tomcat]]" daemon [_thread_blocked, id=11060, stack(0x00000000391f0000,0x00000000392f0000)]
  0x000000001e07f800 JavaThread "localhost-startStop-1" daemon [_thread_blocked, id=8784, stack(0x00000000390f0000,0x00000000391f0000)]
  0x000000001e084000 JavaThread "Tomcat-startStop-1" daemon [_thread_blocked, id=10312, stack(0x0000000038ff0000,0x00000000390f0000)]
  0x000000001e081000 JavaThread "restartedMain" [_thread_in_native, id=16168, stack(0x0000000038df0000,0x0000000038ef0000)]
  0x000000001e087000 JavaThread "Thread-98" [_thread_blocked, id=7428, stack(0x00000000389f0000,0x0000000038af0000)]
  0x000000001e08d000 JavaThread "DestroyJavaVM" [_thread_blocked, id=16796, stack(0x0000000002b20000,0x0000000002c20000)]
  0x000000001e080000 JavaThread "Live Reload Server" daemon [_thread_in_native, id=12404, stack(0x000000001ff20000,0x0000000020020000)]
  0x000000001bac2800 JavaThread "Abandoned connection cleanup thread" daemon [_thread_blocked, id=7900, stack(0x000000001db50000,0x000000001dc50000)]
  0x0000000019cb1800 JavaThread "RMI Scheduler(0)" daemon [_thread_blocked, id=7652, stack(0x000000001ae80000,0x000000001af80000)]
  0x0000000019977800 JavaThread "RMI TCP Accept-0" daemon [_thread_in_native, id=10012, stack(0x000000001a490000,0x000000001a590000)]
  0x000000001995d000 JavaThread "RMI TCP Accept-8590" daemon [_thread_in_native, id=15768, stack(0x000000001a390000,0x000000001a490000)]
  0x0000000019953000 JavaThread "RMI TCP Accept-0" daemon [_thread_in_native, id=13884, stack(0x000000001a290000,0x000000001a390000)]
  0x00000000197c6000 JavaThread "Service Thread" daemon [_thread_blocked, id=6224, stack(0x000000001a190000,0x000000001a290000)]
  0x0000000019728800 JavaThread "C1 CompilerThread2" daemon [_thread_blocked, id=9992, stack(0x000000001a090000,0x000000001a190000)]
  0x0000000019721000 JavaThread "C2 CompilerThread1" daemon [_thread_blocked, id=1772, stack(0x0000000019f90000,0x000000001a090000)]
  0x0000000019714800 JavaThread "C2 CompilerThread0" daemon [_thread_blocked, id=11200, stack(0x0000000019e90000,0x0000000019f90000)]
  0x0000000017a6a000 JavaThread "JDWP Command Reader" daemon [_thread_in_native, id=9344, stack(0x0000000019590000,0x0000000019690000)]
  0x0000000017a66000 JavaThread "JDWP Event Helper Thread" daemon [_thread_blocked, id=9140, stack(0x0000000019490000,0x0000000019590000)]
=>0x0000000017a5b000 JavaThread "JDWP Transport Listener: dt_socket" daemon [_thread_in_vm, id=10792, stack(0x0000000019390000,0x0000000019490000)]
  0x0000000018dd3800 JavaThread "Attach Listener" daemon [_thread_blocked, id=3324, stack(0x0000000019290000,0x0000000019390000)]
  0x0000000017a46000 JavaThread "Signal Dispatcher" daemon [_thread_blocked, id=14400, stack(0x0000000019190000,0x0000000019290000)]
  0x0000000002dd6800 JavaThread "Finalizer" daemon [_thread_blocked, id=18068, stack(0x0000000018c90000,0x0000000018d90000)]
  0x00000000179f9000 JavaThread "Reference Handler" daemon [_thread_blocked, id=7300, stack(0x0000000018b90000,0x0000000018c90000)]

Other Threads:
  0x00000000179f7000 VMThread [stack: 0x0000000018a90000,0x0000000018b90000] [id=17320]
  0x0000000019978800 WatcherThread [stack: 0x000000001a590000,0x000000001a690000] [id=12588]

VM state:not at safepoint (normal execution)

VM Mutex/Monitor currently owned by a thread: None

Heap:
 PSYoungGen      total 489984K, used 298588K [0x00000000d5d80000, 0x00000000f5180000, 0x0000000100000000)
  eden space 481280K, 62% used [0x00000000d5d80000,0x00000000e81173f8,0x00000000f3380000)
  from space 8704K, 0% used [0x00000000f3380000,0x00000000f3380000,0x00000000f3c00000)
  to   space 15360K, 0% used [0x00000000f4280000,0x00000000f4280000,0x00000000f5180000)
 ParOldGen       total 100864K, used 42172K [0x0000000081800000, 0x0000000087a80000, 0x00000000d5d80000)
  object space 100864K, 41% used [0x0000000081800000,0x000000008412f280,0x0000000087a80000)
 Metaspace       used 56491K, capacity 58790K, committed 58968K, reserved 1101824K
  class space    used 7147K, capacity 7548K, committed 7552K, reserved 1048576K

Card table byte_map: [0x00000000122a0000,0x00000000126a0000] byte_map_base: 0x0000000011e94000

Marking Bits: (ParMarkBitMap*) 0x00000000592aa5b0
 Begin Bits: [0x0000000012d50000, 0x0000000014cf0000)
 End Bits:   [0x0000000014cf0000, 0x0000000016c90000)

Polling page: 0x0000000000e60000

CodeCache: size=245760Kb used=19867Kb max_used=19867Kb free=225892Kb
 bounds [0x0000000002ee0000, 0x0000000004250000, 0x0000000011ee0000]
 total_blobs=10061 nmethods=9496 adapters=484
 compilation: enabled

Compilation events (10 events):
Event: 1044.408 Thread 0x0000000019728800 9621       1       org.hibernate.mapping.SimpleValue::<init> (11 bytes)
Event: 1044.408 Thread 0x0000000019728800 nmethod 9621 0x0000000004246d50 code [0x0000000004246ea0, 0x0000000004247008]
Event: 1044.408 Thread 0x0000000019728800 9622       1       org.hibernate.mapping.SimpleValue::<init> (49 bytes)
Event: 1044.408 Thread 0x0000000019728800 nmethod 9622 0x0000000004247090 code [0x0000000004247200, 0x00000000042474b0]
Event: 1044.432 Thread 0x0000000019728800 9624       1       javassist.bytecode.ClassFile::write (214 bytes)
Event: 1044.433 Thread 0x0000000019728800 nmethod 9624 0x0000000004247590 code [0x00000000042478c0, 0x00000000042484c8]
Event: 1044.460 Thread 0x0000000019728800 9625       1       javassist.bytecode.ConstPool::write (44 bytes)
Event: 1044.460 Thread 0x0000000019728800 nmethod 9625 0x0000000004249210 code [0x00000000042493a0, 0x0000000004249668]
Event: 1044.473 Thread 0x0000000019728800 9626       1       org.hibernate.mapping.PersistentClass::getSubclassJoinClosureIterator (29 bytes)
Event: 1044.473 Thread 0x0000000019728800 nmethod 9626 0x0000000004249950 code [0x0000000004249ac0, 0x0000000004249f08]

GC Heap History (10 events):
Event: 1001.565 GC heap before
{Heap before GC invocations=36 (full 13):
 PSYoungGen      total 489984K, used 8200K [0x00000000d5d80000, 0x00000000f5380000, 0x0000000100000000)
  eden space 481280K, 0% used [0x00000000d5d80000,0x00000000d5d80000,0x00000000f3380000)
  from space 8704K, 94% used [0x00000000f3380000,0x00000000f3b823a0,0x00000000f3c00000)
  to   space 16384K, 0% used [0x00000000f4380000,0x00000000f4380000,0x00000000f5380000)
 ParOldGen       total 100864K, used 41046K [0x0000000081800000, 0x0000000087a80000, 0x00000000d5d80000)
  object space 100864K, 40% used [0x0000000081800000,0x0000000084015be8,0x0000000087a80000)
 Metaspace       used 55456K, capacity 57644K, committed 57944K, reserved 1099776K
  class space    used 7059K, capacity 7426K, committed 7552K, reserved 1048576K
Event: 1001.863 GC heap after
Heap after GC invocations=36 (full 13):
 PSYoungGen      total 489984K, used 0K [0x00000000d5d80000, 0x00000000f5380000, 0x0000000100000000)
  eden space 481280K, 0% used [0x00000000d5d80000,0x00000000d5d80000,0x00000000f3380000)
  from space 8704K, 0% used [0x00000000f3380000,0x00000000f3380000,0x00000000f3c00000)
  to   space 16384K, 0% used [0x00000000f4380000,0x00000000f4380000,0x00000000f5380000)
 ParOldGen       total 100864K, used 41411K [0x0000000081800000, 0x0000000087a80000, 0x00000000d5d80000)
  object space 100864K, 41% used [0x0000000081800000,0x0000000084070f00,0x0000000087a80000)
 Metaspace       used 55453K, capacity 57638K, committed 57944K, reserved 1099776K
  class space    used 7058K, capacity 7424K, committed 7552K, reserved 1048576K
}
Event: 1024.310 GC heap before
{Heap before GC invocations=37 (full 13):
 PSYoungGen      total 489984K, used 413751K [0x00000000d5d80000, 0x00000000f5380000, 0x0000000100000000)
  eden space 481280K, 85% used [0x00000000d5d80000,0x00000000ef18df00,0x00000000f3380000)
  from space 8704K, 0% used [0x00000000f3380000,0x00000000f3380000,0x00000000f3c00000)
  to   space 16384K, 0% used [0x00000000f4380000,0x00000000f4380000,0x00000000f5380000)
 ParOldGen       total 100864K, used 41411K [0x0000000081800000, 0x0000000087a80000, 0x00000000d5d80000)
  object space 100864K, 41% used [0x0000000081800000,0x0000000084070f00,0x0000000087a80000)
 Metaspace       used 55848K, capacity 58090K, committed 58200K, reserved 1099776K
  class space    used 7091K, capacity 7467K, committed 7552K, reserved 1048576K
Event: 1024.320 GC heap after
Heap after GC invocations=37 (full 13):
 PSYoungGen      total 496640K, used 8255K [0x00000000d5d80000, 0x00000000f5280000, 0x0000000100000000)
  eden space 481280K, 0% used [0x00000000d5d80000,0x00000000d5d80000,0x00000000f3380000)
  from space 15360K, 53% used [0x00000000f4380000,0x00000000f4b8ff00,0x00000000f5280000)
  to   space 15872K, 0% used [0x00000000f3380000,0x00000000f3380000,0x00000000f4300000)
 ParOldGen       total 100864K, used 41419K [0x0000000081800000, 0x0000000087a80000, 0x00000000d5d80000)
  object space 100864K, 41% used [0x0000000081800000,0x0000000084072f00,0x0000000087a80000)
 Metaspace       used 55848K, capacity 58090K, committed 58200K, reserved 1099776K
  class space    used 7091K, capacity 7467K, committed 7552K, reserved 1048576K
}
Event: 1024.320 GC heap before
{Heap before GC invocations=38 (full 14):
 PSYoungGen      total 496640K, used 8255K [0x00000000d5d80000, 0x00000000f5280000, 0x0000000100000000)
  eden space 481280K, 0% used [0x00000000d5d80000,0x00000000d5d80000,0x00000000f3380000)
  from space 15360K, 53% used [0x00000000f4380000,0x00000000f4b8ff00,0x00000000f5280000)
  to   space 15872K, 0% used [0x00000000f3380000,0x00000000f3380000,0x00000000f4300000)
 ParOldGen       total 100864K, used 41419K [0x0000000081800000, 0x0000000087a80000, 0x00000000d5d80000)
  object space 100864K, 41% used [0x0000000081800000,0x0000000084072f00,0x0000000087a80000)
 Metaspace       used 55848K, capacity 58090K, committed 58200K, reserved 1099776K
  class space    used 7091K, capacity 7467K, committed 7552K, reserved 1048576K
Event: 1024.529 GC heap after
Heap after GC invocations=38 (full 14):
 PSYoungGen      total 496640K, used 0K [0x00000000d5d80000, 0x00000000f5280000, 0x0000000100000000)
  eden space 481280K, 0% used [0x00000000d5d80000,0x00000000d5d80000,0x00000000f3380000)
  from space 15360K, 0% used [0x00000000f4380000,0x00000000f4380000,0x00000000f5280000)
  to   space 15872K, 0% used [0x00000000f3380000,0x00000000f3380000,0x00000000f4300000)
 ParOldGen       total 100864K, used 41796K [0x0000000081800000, 0x0000000087a80000, 0x00000000d5d80000)
  object space 100864K, 41% used [0x0000000081800000,0x00000000840d1010,0x0000000087a80000)
 Metaspace       used 55846K, capacity 58084K, committed 58200K, reserved 1099776K
  class space    used 7091K, capacity 7465K, committed 7552K, reserved 1048576K
}
Event: 1039.734 GC heap before
{Heap before GC invocations=39 (full 14):
 PSYoungGen      total 496640K, used 413445K [0x00000000d5d80000, 0x00000000f5280000, 0x0000000100000000)
  eden space 481280K, 85% used [0x00000000d5d80000,0x00000000ef141688,0x00000000f3380000)
  from space 15360K, 0% used [0x00000000f4380000,0x00000000f4380000,0x00000000f5280000)
  to   space 15872K, 0% used [0x00000000f3380000,0x00000000f3380000,0x00000000f4300000)
 ParOldGen       total 100864K, used 41796K [0x0000000081800000, 0x0000000087a80000, 0x00000000d5d80000)
  object space 100864K, 41% used [0x0000000081800000,0x00000000840d1010,0x0000000087a80000)
 Metaspace       used 56241K, capacity 58536K, committed 58712K, reserved 1099776K
  class space    used 7124K, capacity 7508K, committed 7552K, reserved 1048576K
Event: 1039.745 GC heap after
Heap after GC invocations=39 (full 14):
 PSYoungGen      total 489984K, used 8287K [0x00000000d5d80000, 0x00000000f5180000, 0x0000000100000000)
  eden space 481280K, 0% used [0x00000000d5d80000,0x00000000d5d80000,0x00000000f3380000)
  from space 8704K, 95% used [0x00000000f3380000,0x00000000f3b97f00,0x00000000f3c00000)
  to   space 15360K, 0% used [0x00000000f4280000,0x00000000f4280000,0x00000000f5180000)
 ParOldGen       total 100864K, used 41804K [0x0000000081800000, 0x0000000087a80000, 0x00000000d5d80000)
  object space 100864K, 41% used [0x0000000081800000,0x00000000840d3010,0x0000000087a80000)
 Metaspace       used 56241K, capacity 58536K, committed 58712K, reserved 1099776K
  class space    used 7124K, capacity 7508K, committed 7552K, reserved 1048576K
}
Event: 1039.745 GC heap before
{Heap before GC invocations=40 (full 15):
 PSYoungGen      total 489984K, used 8287K [0x00000000d5d80000, 0x00000000f5180000, 0x0000000100000000)
  eden space 481280K, 0% used [0x00000000d5d80000,0x00000000d5d80000,0x00000000f3380000)
  from space 8704K, 95% used [0x00000000f3380000,0x00000000f3b97f00,0x00000000f3c00000)
  to   space 15360K, 0% used [0x00000000f4280000,0x00000000f4280000,0x00000000f5180000)
 ParOldGen       total 100864K, used 41804K [0x0000000081800000, 0x0000000087a80000, 0x00000000d5d80000)
  object space 100864K, 41% used [0x0000000081800000,0x00000000840d3010,0x0000000087a80000)
 Metaspace       used 56241K, capacity 58536K, committed 58712K, reserved 1099776K
  class space    used 7124K, capacity 7508K, committed 7552K, reserved 1048576K
Event: 1039.919 GC heap after
Heap after GC invocations=40 (full 15):
 PSYoungGen      total 489984K, used 0K [0x00000000d5d80000, 0x00000000f5180000, 0x0000000100000000)
  eden space 481280K, 0% used [0x00000000d5d80000,0x00000000d5d80000,0x00000000f3380000)
  from space 8704K, 0% used [0x00000000f3380000,0x00000000f3380000,0x00000000f3c00000)
  to   space 15360K, 0% used [0x00000000f4280000,0x00000000f4280000,0x00000000f5180000)
 ParOldGen       total 100864K, used 42172K [0x0000000081800000, 0x0000000087a80000, 0x00000000d5d80000)
  object space 100864K, 41% used [0x0000000081800000,0x000000008412f280,0x0000000087a80000)
 Metaspace       used 56238K, capacity 58530K, committed 58712K, reserved 1099776K
  class space    used 7123K, capacity 7506K, committed 7552K, reserved 1048576K
}

Deoptimization events (0 events):
No events

Internal exceptions (10 events):
Event: 1043.476 Thread 0x000000001e081000 Exception <a 'java/lang/ArrayIndexOutOfBoundsException'> (0x00000000e4e51a58) thrown at [C:\workspace\8-2-build-windows-amd64-cygwin\jdk8u65\4987\hotspot\src\share\vm\runtime\sharedRuntime.cpp, line 605]
Event: 1043.477 Thread 0x000000001e081000 Exception <a 'java/lang/ArrayIndexOutOfBoundsException'> (0x00000000e4e587c0) thrown at [C:\workspace\8-2-build-windows-amd64-cygwin\jdk8u65\4987\hotspot\src\share\vm\runtime\sharedRuntime.cpp, line 605]
Event: 1043.478 Thread 0x000000001e081000 Exception <a 'java/lang/ArrayIndexOutOfBoundsException'> (0x00000000e4e77878) thrown at [C:\workspace\8-2-build-windows-amd64-cygwin\jdk8u65\4987\hotspot\src\share\vm\runtime\sharedRuntime.cpp, line 605]
Event: 1043.478 Thread 0x000000001e081000 Exception <a 'java/lang/ArrayIndexOutOfBoundsException'> (0x00000000e4e7d8c8) thrown at [C:\workspace\8-2-build-windows-amd64-cygwin\jdk8u65\4987\hotspot\src\share\vm\runtime\sharedRuntime.cpp, line 605]
Event: 1043.478 Thread 0x000000001e081000 Exception <a 'java/lang/ArrayIndexOutOfBoundsException'> (0x00000000e4e891f8) thrown at [C:\workspace\8-2-build-windows-amd64-cygwin\jdk8u65\4987\hotspot\src\share\vm\runtime\sharedRuntime.cpp, line 605]
Event: 1043.480 Thread 0x000000001e081000 Exception <a 'java/lang/ArrayIndexOutOfBoundsException'> (0x00000000e4e95f70) thrown at [C:\workspace\8-2-build-windows-amd64-cygwin\jdk8u65\4987\hotspot\src\share\vm\runtime\sharedRuntime.cpp, line 605]
Event: 1043.480 Thread 0x000000001e081000 Exception <a 'java/lang/ArrayIndexOutOfBoundsException'> (0x00000000e4e977b8) thrown at [C:\workspace\8-2-build-windows-amd64-cygwin\jdk8u65\4987\hotspot\src\share\vm\runtime\sharedRuntime.cpp, line 605]
Event: 1043.498 Thread 0x000000001e081000 Exception <a 'java/lang/ArrayIndexOutOfBoundsException'> (0x00000000e534a708) thrown at [C:\workspace\8-2-build-windows-amd64-cygwin\jdk8u65\4987\hotspot\src\share\vm\runtime\sharedRuntime.cpp, line 605]
Event: 1043.499 Thread 0x000000001e081000 Exception <a 'java/lang/ArrayIndexOutOfBoundsException'> (0x00000000e534d1c8) thrown at [C:\workspace\8-2-build-windows-amd64-cygwin\jdk8u65\4987\hotspot\src\share\vm\runtime\sharedRuntime.cpp, line 605]
Event: 1044.409 Thread 0x000000001e081000 Exception <a 'java/lang/ArrayIndexOutOfBoundsException'> (0x00000000e71eb1c8) thrown at [C:\workspace\8-2-build-windows-amd64-cygwin\jdk8u65\4987\hotspot\src\share\vm\runtime\sharedRuntime.cpp, line 605]

Events (10 events):
Event: 1044.822 Executing VM operation: ChangeBreakpoints
Event: 1044.822 Executing VM operation: ChangeBreakpoints done
Event: 1044.828 Executing VM operation: RedefineClasses
Event: 1044.885 Executing VM operation: RedefineClasses done
Event: 1044.887 Executing VM operation: RedefineClasses
Event: 1044.943 Executing VM operation: RedefineClasses done
Event: 1044.948 Executing VM operation: RedefineClasses
Event: 1044.994 Executing VM operation: RedefineClasses done
Event: 1044.995 Executing VM operation: RedefineClasses
Event: 1045.043 Executing VM operation: RedefineClasses done


Dynamic libraries:
0x00007ff66a130000 - 0x00007ff66a167000 	D:\Program Files\Java\jdk1.8.0_65\bin\java.exe
0x00007fffdf7f0000 - 0x00007fffdf9c1000 	C:\WINDOWS\SYSTEM32\ntdll.dll
0x00007fffdf330000 - 0x00007fffdf3db000 	C:\WINDOWS\System32\KERNEL32.DLL
0x00007fffdc410000 - 0x00007fffdc62d000 	C:\WINDOWS\System32\KERNELBASE.dll
0x00007fffdef70000 - 0x00007fffdf012000 	C:\WINDOWS\System32\ADVAPI32.dll
0x00007fffdcd70000 - 0x00007fffdce0e000 	C:\WINDOWS\System32\msvcrt.dll
0x00007fffdf2d0000 - 0x00007fffdf329000 	C:\WINDOWS\System32\sechost.dll
0x00007fffdee10000 - 0x00007fffdef31000 	C:\WINDOWS\System32\RPCRT4.dll
0x00007fffdf5c0000 - 0x00007fffdf725000 	C:\WINDOWS\System32\USER32.dll
0x00007fffdc260000 - 0x00007fffdc27e000 	C:\WINDOWS\System32\win32u.dll
0x00007fffdce70000 - 0x00007fffdcea4000 	C:\WINDOWS\System32\GDI32.dll
0x00007fffdc280000 - 0x00007fffdc402000 	C:\WINDOWS\System32\gdi32full.dll
0x00007fffd2c80000 - 0x00007fffd2efa000 	C:\WINDOWS\WinSxS\amd64_microsoft.windows.common-controls_6595b64144ccf1df_6.0.14393.953_none_42151e83c686086b\COMCTL32.dll
0x00007fffde910000 - 0x00007fffdebd8000 	C:\WINDOWS\System32\combase.dll
0x00007fffdc160000 - 0x00007fffdc255000 	C:\WINDOWS\System32\ucrtbase.dll
0x00007fffdc0f0000 - 0x00007fffdc15a000 	C:\WINDOWS\System32\bcryptPrimitives.dll
0x00007fffdef40000 - 0x00007fffdef6e000 	C:\WINDOWS\System32\IMM32.DLL
0x00007fffc4cd0000 - 0x00007fffc4d7e000 	C:\Program Files\McAfee\Endpoint Security\Threat Prevention\Ips\EpMPApi.dll
0x00007fffdbd60000 - 0x00007fffdbdb5000 	C:\WINDOWS\System32\WINTRUST.dll
0x00007fffdbc30000 - 0x00007fffdbc40000 	C:\WINDOWS\System32\MSASN1.dll
0x00007fffdbf20000 - 0x00007fffdc0e9000 	C:\WINDOWS\System32\CRYPT32.dll
0x000000005a940000 - 0x000000005a94b000 	C:\Program Files\McAfee\Endpoint Security\Threat Prevention\Ips\EpMPThe.dll
0x000000005a2d0000 - 0x000000005a3a2000 	D:\Program Files\Java\jdk1.8.0_65\jre\bin\msvcr100.dll
0x0000000058aa0000 - 0x0000000059329000 	D:\Program Files\Java\jdk1.8.0_65\jre\bin\server\jvm.dll
0x00007fffdcd60000 - 0x00007fffdcd68000 	C:\WINDOWS\System32\PSAPI.DLL
0x00007fffd3740000 - 0x00007fffd374a000 	C:\WINDOWS\SYSTEM32\VERSION.dll
0x00007fffcfac0000 - 0x00007fffcfac9000 	C:\WINDOWS\SYSTEM32\WSOCK32.dll
0x00007fffd9f70000 - 0x00007fffd9f93000 	C:\WINDOWS\SYSTEM32\WINMM.dll
0x00007fffdf0c0000 - 0x00007fffdf12a000 	C:\WINDOWS\System32\WS2_32.dll
0x00007fffd9f40000 - 0x00007fffd9f6b000 	C:\WINDOWS\SYSTEM32\WINMMBASE.dll
0x00007fffdc630000 - 0x00007fffdc672000 	C:\WINDOWS\System32\cfgmgr32.dll
0x000000005b220000 - 0x000000005b22f000 	D:\Program Files\Java\jdk1.8.0_65\jre\bin\verify.dll
0x000000005a2a0000 - 0x000000005a2c9000 	D:\Program Files\Java\jdk1.8.0_65\jre\bin\java.dll
0x000000005a240000 - 0x000000005a275000 	D:\Program Files\Java\jdk1.8.0_65\jre\bin\jdwp.dll
0x000000005a9a0000 - 0x000000005a9a8000 	D:\Program Files\Java\jdk1.8.0_65\jre\bin\npt.dll
0x000000005a130000 - 0x000000005a153000 	D:\Program Files\Java\jdk1.8.0_65\jre\bin\instrument.dll
0x000000005a280000 - 0x000000005a296000 	D:\Program Files\Java\jdk1.8.0_65\jre\bin\zip.dll
0x00007fffdd400000 - 0x00007fffde909000 	C:\WINDOWS\System32\SHELL32.dll
0x00007fffdc680000 - 0x00007fffdcd5a000 	C:\WINDOWS\System32\windows.storage.dll
0x00007fffdbc60000 - 0x00007fffdbcac000 	C:\WINDOWS\System32\powrprof.dll
0x00007fffdce10000 - 0x00007fffdce62000 	C:\WINDOWS\System32\shlwapi.dll
0x00007fffdbcb0000 - 0x00007fffdbcbf000 	C:\WINDOWS\System32\kernel.appcore.dll
0x00007fffdbe70000 - 0x00007fffdbf19000 	C:\WINDOWS\System32\shcore.dll
0x00007fffdbc40000 - 0x00007fffdbc54000 	C:\WINDOWS\System32\profapi.dll
0x000000005a120000 - 0x000000005a129000 	D:\Program Files\Java\jdk1.8.0_65\jre\bin\dt_socket.dll
0x00007fffdb4d0000 - 0x00007fffdb52c000 	C:\WINDOWS\system32\mswsock.dll
0x000000005a0d0000 - 0x000000005a0dd000 	D:\Program Files\Java\jdk1.8.0_65\jre\bin\management.dll
0x000000005a100000 - 0x000000005a11a000 	D:\Program Files\Java\jdk1.8.0_65\jre\bin\net.dll
0x000000005a0e0000 - 0x000000005a0f1000 	D:\Program Files\Java\jdk1.8.0_65\jre\bin\nio.dll
0x00007fffd09f0000 - 0x00007fffd0a06000 	C:\WINDOWS\system32\napinsp.dll
0x00007fffd09a0000 - 0x00007fffd09ba000 	C:\WINDOWS\system32\pnrpnsp.dll
0x00007fffd9710000 - 0x00007fffd9728000 	C:\WINDOWS\system32\NLAapi.dll
0x00007fffdb290000 - 0x00007fffdb331000 	C:\WINDOWS\SYSTEM32\DNSAPI.dll
0x00007fffdf440000 - 0x00007fffdf448000 	C:\WINDOWS\System32\NSI.dll
0x00007fffdb250000 - 0x00007fffdb288000 	C:\WINDOWS\SYSTEM32\IPHLPAPI.DLL
0x00007fffd0990000 - 0x00007fffd099e000 	C:\WINDOWS\System32\winrnr.dll
0x00007fffd56c0000 - 0x00007fffd56ca000 	C:\Windows\System32\rasadhlp.dll
0x00007fffd5aa0000 - 0x00007fffd5b0a000 	C:\WINDOWS\System32\fwpuclnt.dll
0x00007fffdbb70000 - 0x00007fffdbb9b000 	C:\WINDOWS\SYSTEM32\bcrypt.dll
0x00007fffdb670000 - 0x00007fffdb687000 	C:\WINDOWS\SYSTEM32\CRYPTSP.dll
0x00007fffdb0d0000 - 0x00007fffdb103000 	C:\WINDOWS\system32\rsaenh.dll
0x00007fffdb350000 - 0x00007fffdb36f000 	C:\WINDOWS\SYSTEM32\USERENV.dll
0x00007fffdb690000 - 0x00007fffdb69b000 	C:\WINDOWS\SYSTEM32\CRYPTBASE.dll
0x00007fffd6350000 - 0x00007fffd6366000 	C:\WINDOWS\SYSTEM32\dhcpcsvc6.DLL
0x00007fffd6330000 - 0x00007fffd634a000 	C:\WINDOWS\SYSTEM32\dhcpcsvc.DLL
0x00007fffcefd0000 - 0x00007fffcf162000 	C:\WINDOWS\SYSTEM32\dbghelp.dll

VM Arguments:
jvm_args: -agentlib:jdwp=transport=dt_socket,address=127.0.0.1:8591,suspend=y,server=n -XX:TieredStopAtLevel=1 -Xverify:none -Dspring.output.ansi.enabled=always -Dcom.sun.management.jmxremote -Dcom.sun.management.jmxremote.port=8590 -Dcom.sun.management.jmxremote.authenticate=false -Dcom.sun.management.jmxremote.ssl=false -Dspring.liveBeansView.mbeanDomain -Dspring.application.admin.enabled=true -javaagent:C:\Users\WANGTAO\.IntelliJIdea2017.3\system\captureAgent\debugger-agent.jar=C:\Users\WANGTAO\AppData\Local\Temp\capture6192.props -Dfile.encoding=UTF-8 
java_command: com.epg.act.Application
java_class_path (initial): D:\Program Files\Java\jdk1.8.0_65\jre\lib\charsets.jar;D:\Program Files\Java\jdk1.8.0_65\jre\lib\deploy.jar;D:\Program Files\Java\jdk1.8.0_65\jre\lib\ext\access-bridge-64.jar;D:\Program Files\Java\jdk1.8.0_65\jre\lib\ext\cldrdata.jar;D:\Program Files\Java\jdk1.8.0_65\jre\lib\ext\dnsns.jar;D:\Program Files\Java\jdk1.8.0_65\jre\lib\ext\jaccess.jar;D:\Program Files\Java\jdk1.8.0_65\jre\lib\ext\jfxrt.jar;D:\Program Files\Java\jdk1.8.0_65\jre\lib\ext\localedata.jar;D:\Program Files\Java\jdk1.8.0_65\jre\lib\ext\nashorn.jar;D:\Program Files\Java\jdk1.8.0_65\jre\lib\ext\sunec.jar;D:\Program Files\Java\jdk1.8.0_65\jre\lib\ext\sunjce_provider.jar;D:\Program Files\Java\jdk1.8.0_65\jre\lib\ext\sunmscapi.jar;D:\Program Files\Java\jdk1.8.0_65\jre\lib\ext\sunpkcs11.jar;D:\Program Files\Java\jdk1.8.0_65\jre\lib\ext\zipfs.jar;D:\Program Files\Java\jdk1.8.0_65\jre\lib\javaws.jar;D:\Program Files\Java\jdk1.8.0_65\jre\lib\jce.jar;D:\Program Files\Java\jdk1.8.0_65\jre\lib\jfr.jar;D:\Program Files\Java\jdk1.8.0_65\jre\lib\jfxswt.jar;D:\Program Files\Java\jdk1.8.0_65\jre\lib\jsse.jar;D:\Program Files\Java\jdk1.8.0_65\jre\lib\management-agent.jar;D:\Program Files\Java\jdk1.8.0_65\jre\lib\plugin.jar;D:\Program Files\Java\jdk1.8.0_65\jre\lib\resources.jar;D:\Program Files\Java\jdk1.8.0_65\jre\lib\rt.jar;D:\workspace\act-egg\target\classes;C:\Users\WANGTAO\.m2\repository\org\springframework\boot\spring-boot-starter-data-jpa\1.5.9.RELEASE\spring-boot-starter-data-jpa-1.5.9.RELEASE.jar;C:\Users\WANGTAO\.m2\repository\org\springframework\boot\spring-boot-starter\1.5.9.RELEASE\spring-boot-starter-1.5.9.RELEASE.jar;C:\Users\WANGTAO\.m2\repository\org\springframework\boot\spring-boot-starter-logging\1.5.9.RELEASE\spring-boot-starter-logging-1.5.9.RELEASE.jar;C:\Users\WANGTAO\.m2\repository\ch\qos\logback\logback-classic\1.1.11\logback-classic-1.1.11.jar;C:\Users\WANGTAO\.m2\repository\ch\qos\logback\logback-core\1.1.11\logback-core-1.1.11.jar;C:\Users\WANGTAO\.m2\reposi
Launcher Type: SUN_STANDARD

Environment Variables:
JAVA_HOME=D:\Program Files\Java\jdk1.8.0_65
CLASSPATH=D:\Program Files\Java\jdk1.8.0_65\lib;D:\Program Files\Java\jdk1.8.0_65\lib\tools.jar;
PATH=C:\ProgramData\Oracle\Java\javapath;E:\oracle\product\10.2.0\client_1\bin;C:\WINDOWS\system32;C:\WINDOWS;C:\WINDOWS\System32\Wbem;C:\WINDOWS\System32\WindowsPowerShell\v1.0\;D:\Program Files\Java\jdk1.8.0_65\bin;D:\Program Files\Java\jdk1.8.0_65\jre\bin;D:\Program Files (x86)\apache-maven-3.3.3\bin;D:\Program Files (x86)\Oracle\Instant Client\bin;D:\Program Files\SlikSvn\bin;G:\Program Files\TortoiseSVN\bin;G:\Program Files\nodejs\;D:\Program Files\Ruby23-x64\bin;C:\Users\WANGTAO\AppData\Roaming\npm\;D:\Program Files (x86)\SSH Communications Security\SSH Secure Shell;D:\Program Files\nodejs;C:\Users\WANGTAO\AppData\Local\Microsoft\WindowsApps;C:\Users\WANGTAO\AppData\Local\.meteor\;G:\Program Files\Microsoft VS Code\bin;C:\Users\WANGTAO\AppData\Local\GitHubDesktop\bin;C:\Users\WANGTAO\AppData\Roaming\npm
USERNAME=WANGTAO
OS=Windows_NT
PROCESSOR_IDENTIFIER=Intel64 Family 6 Model 58 Stepping 9, GenuineIntel



---------------  S Y S T E M  ---------------

OS: Windows 10.0 , 64 bit Build 14393 (10.0.14393.0)

CPU:total 4 (4 cores per cpu, 1 threads per core) family 6 model 58 stepping 9, cmov, cx8, fxsr, mmx, sse, sse2, sse3, ssse3, sse4.1, sse4.2, popcnt, avx, aes, clmul, erms, tsc, tscinvbit, tscinv

Memory: 4k page, physical 8288332k(1845492k free), swap 16676940k(6866160k free)

vm_info: Java HotSpot(TM) 64-Bit Server VM (25.65-b01) for windows-amd64 JRE (1.8.0_65-b17), built on Oct  6 2015 16:39:20 by "java_re" with MS VC++ 10.0 (VS2010)

time: Thu Dec 07 15:41:48 2017
elapsed time: 1045 seconds (0d 0h 17m 25s)

